<?xml version="1.0" encoding="UTF-8"?>
<!-- Generated by org.testng.reporters.JUnitReportReporter -->
<testsuite hostname="32-training95" failures="0" tests="1" name="loginLogout.AzureLoginLogout" time="42.320" errors="0" timestamp="2020-10-08T11:58:48 EDT" skipped="0">
  <testcase classname="loginLogout.AzureLoginLogout" name="azureLoginLogout" time="42.320"/>
  <system-out/>
</testsuite> <!-- loginLogout.AzureLoginLogout -->
