<?xml version="1.0" encoding="UTF-8"?>
<!-- Generated by org.testng.reporters.JUnitReportReporter -->
<testsuite hostname="32-training95" failures="0" tests="1" name="loginLogout.FormLoginLogout" time="18.608" errors="0" timestamp="2020-10-08T11:58:48 EDT" skipped="0">
  <testcase classname="loginLogout.FormLoginLogout" name="formLoginLogout" time="18.608"/>
  <system-out/>
</testsuite> <!-- loginLogout.FormLoginLogout -->
