<?xml version="1.0" encoding="UTF-8"?>
<!-- Generated by org.testng.reporters.JUnitReportReporter -->
<testsuite hostname="32-training95" failures="0" tests="1" name="pages.Home_FormLogin" time="2.089" errors="0" timestamp="2020-10-08T11:58:48 EDT" skipped="0">
  <testcase classname="pages.Home_FormLogin" name="navigateToHomePage" time="2.089"/>
  <system-out/>
</testsuite> <!-- pages.Home_FormLogin -->
